app/proguard-rules.pro
# Add project specific ProGuard rules here.
# By default, the flags in this file are appended to flags specified
# in /Users/hemanths/Library/Android/sdk/tools/proguard/proguard-android.txt
# You can edit the include path and order by changing the proguardFiles
# directive in build.gradle.
#
# For more details, see
#   http://developer.android.com/guide/developing/tools/proguard.html

# Add any project specific keep options here:

# If your project uses WebView with JS, uncomment the following
# and specify the fully qualified class name to the JavaScript interface
# class:
#-keepclassmembers class fqcn.of.javascript.interface.for.webview {
#   public *;
#}

# Preserve the line number information for
# debugging stack traces.
-keepattributes SourceFile,LineNumberTable

# If you keep the line number information, uncomment this to
# hide the original source file name.
#-renamesourcefileattribute SourceFile

-dontwarn java.lang.invoke.*
-dontwarn **$$Lambda$*
-dontwarn javax.annotation.**

# RetroFit
-dontwarn retrofit.**
-keep class retrofit.** { *; }

# Glide
-keep public class * implements com.bumptech.glide.module.GlideModule
-keep class * extends com.bumptech.glide.module.AppGlideModule {
 <init>(...);
}
-keep public enum com.bumptech.glide.load.ImageHeaderParser$** {
  **[] $VALUES;
  public *;
}
-keep class com.bumptech.glide.load.data.ParcelFileDescriptorRewinder$InternalRewinder {
  *** rewind();
}

# OkHttp
-keepattributes Signature
-keepattributes *Annotation*
-keep interface com.squareup.okhttp3.** { *; }
-dontwarn com.squareup.okhttp3.**

#-dontwarn
#-ignorewarnings

#Jaudiotagger
-dontwarn org.jaudiotagger.**
-dontwarn org.jcodec.**
-keep class org.jaudiotagger.** { *; }
-keep class org.jcodec.** { *; }

-keepclassmembers enum * { *; }
-keepattributes *Annotation*, Signature, Exception
-keepnames class androidx.navigation.fragment.NavHostFragment
-keep class * extends androidx.fragment.app.Fragment{}
-keepnames class * extends android.os.Parcelable
-keepnames class * extends java.io.Serializable
-keep class com.caij.puremusic.network.model.** { *; }
-keep class com.caij.puremusic.model.** { *; }
-keep class com.caij.puremusic.db.model.** { *; }
-keep class com.caij.puremusic.drive.model.** { *; }
-keep class com.google.android.material.bottomsheet.** { *; }

-keep class com.thegrizzlylabs.sardineandroid.** { *; }

## umeng
-keep class com.umeng.** {*;}

-keep class org.repackage.** {*;}

-keepclassmembers class * {
   public <init> (org.json.JSONObject);
}

-keepclassmembers enum * {
    public static **[] values();
    public static ** valueOf(java.lang.String);
}

## bugly
-dontwarn com.tencent.bugly.**
-keep public class com.tencent.bugly.**{*;}

##xmlutil
-keep enum nl.adaptivity.xmlutil.EventType { *;}
-keep class javax.xml.namespace.**{*;}

# 默 状态栏歌词插件
-keep class StatusBarLyric.API.StatusBarLyric {*;}
-keep class cn.lyric.getter.api.tools.EventTools{*;}