app/build/outputs/mapping/chinaRelease/configuration.txt
# The proguard configuration file for the following section is default_proguard_files/global/proguard-android-optimize.txt-7.2.2
# This is a configuration file for ProGuard.
# http://proguard.sourceforge.net/index.html#manual/usage.html
#
# Starting with version 2.2 of the Android plugin for Gradle, this file is distributed together with
# the plugin and unpacked at build-time. The files in $ANDROID_HOME are no longer maintained and
# will be ignored by new version of the Android plugin for Gradle.

# Optimizations: If you don't want to optimize, use the proguard-android.txt configuration file
# instead of this one, which turns off the optimization flags.
# Adding optimization introduces certain risks, since for example not all optimizations performed by
# ProGuard works on all versions of Dalvik.  The following flags turn off various optimizations
# known to have issues, but the list may not be complete or up to date. (The "arithmetic"
# optimization can be used if you are only targeting Android 2.0 or later.)  Make sure you test
# thoroughly if you go this route.
-optimizations !code/simplification/arithmetic,!code/simplification/cast,!field/*,!class/merging/*
-optimizationpasses 5
-allowaccessmodification

-dontusemixedcaseclassnames
-dontskipnonpubliclibraryclasses
-verbose

# Preserve some attributes that may be required for reflection.
-keepattributes AnnotationDefault,
                EnclosingMethod,
                InnerClasses,
                RuntimeVisibleAnnotations,
                RuntimeVisibleParameterAnnotations,
                RuntimeVisibleTypeAnnotations,
                Signature

-keep public class com.google.vending.licensing.ILicensingService
-keep public class com.android.vending.licensing.ILicensingService
-keep public class com.google.android.vending.licensing.ILicensingService
-dontnote com.android.vending.licensing.ILicensingService
-dontnote com.google.vending.licensing.ILicensingService
-dontnote com.google.android.vending.licensing.ILicensingService

# For native methods, see http://proguard.sourceforge.net/manual/examples.html#native
-keepclasseswithmembernames,includedescriptorclasses class * {
    native <methods>;
}

# Keep setters in Views so that animations can still work.
-keepclassmembers public class * extends android.view.View {
    void set*(***);
    *** get*();
}

# We want to keep methods in Activity that could be used in the XML attribute onClick.
-keepclassmembers class * extends android.app.Activity {
    public void *(android.view.View);
}

# For enumeration classes, see http://proguard.sourceforge.net/manual/examples.html#enumerations
-keepclassmembers enum * {
    public static **[] values();
    public static ** valueOf(java.lang.String);
}

-keepclassmembers class * implements android.os.Parcelable {
    public static final ** CREATOR;
}

# Preserve annotated Javascript interface methods.
-keepclassmembers class * {
    @android.webkit.JavascriptInterface <methods>;
}

# The support libraries contains references to newer platform versions.
# Don't warn about those in case this app is linking against an older
# platform version. We know about them, and they are safe.
-dontnote android.support.**
-dontnote androidx.**
-dontwarn android.support.**
-dontwarn androidx.**

# This class is deprecated, but remains for backward compatibility.
-dontwarn android.util.FloatMath

# Understand the @Keep support annotation.
-keep class android.support.annotation.Keep
-keep class androidx.annotation.Keep

-keep @android.support.annotation.Keep class * {*;}
-keep @androidx.annotation.Keep class * {*;}

-keepclasseswithmembers class * {
    @android.support.annotation.Keep <methods>;
}

-keepclasseswithmembers class * {
    @androidx.annotation.Keep <methods>;
}

-keepclasseswithmembers class * {
    @android.support.annotation.Keep <fields>;
}

-keepclasseswithmembers class * {
    @androidx.annotation.Keep <fields>;
}

-keepclasseswithmembers class * {
    @android.support.annotation.Keep <init>(...);
}

-keepclasseswithmembers class * {
    @androidx.annotation.Keep <init>(...);
}

# These classes are duplicated between android.jar and org.apache.http.legacy.jar.
-dontnote org.apache.http.**
-dontnote android.net.http.**

# These classes are duplicated between android.jar and core-lambda-stubs.jar.
-dontnote java.lang.invoke.**

# End of content from default_proguard_files/global/proguard-android-optimize.txt-7.2.2
# The proguard configuration file for the following section is pure-music/app/proguard-rules.pro
# Add project specific ProGuard rules here.
# By default, the flags in this file are appended to flags specified
# in /Users/hemanths/Library/Android/sdk/tools/proguard/proguard-android.txt
# You can edit the include path and order by changing the proguardFiles
# directive in build.gradle.
#
# For more details, see
#   http://developer.android.com/guide/developing/tools/proguard.html

# Add any project specific keep options here:

# If your project uses WebView with JS, uncomment the following
# and specify the fully qualified class name to the JavaScript interface
# class:
#-keepclassmembers class fqcn.of.javascript.interface.for.webview {
#   public *;
#}

# Preserve the line number information for
# debugging stack traces.
-keepattributes SourceFile,LineNumberTable

# If you keep the line number information, uncomment this to
# hide the original source file name.
#-renamesourcefileattribute SourceFile

-dontwarn java.lang.invoke.*
-dontwarn **$$Lambda$*
-dontwarn javax.annotation.**

# RetroFit
-dontwarn retrofit.**
-keep class retrofit.** { *; }

# Glide
-keep public class * implements com.bumptech.glide.module.GlideModule
-keep class * extends com.bumptech.glide.module.AppGlideModule {
 <init>(...);
}
-keep public enum com.bumptech.glide.load.ImageHeaderParser$** {
  **[] $VALUES;
  public *;
}
-keep class com.bumptech.glide.load.data.ParcelFileDescriptorRewinder$InternalRewinder {
  *** rewind();
}

# OkHttp
-keepattributes Signature
-keepattributes *Annotation*
-keep interface com.squareup.okhttp3.** { *; }
-dontwarn com.squareup.okhttp3.**

#-dontwarn
#-ignorewarnings

#Jaudiotagger
-dontwarn org.jaudiotagger.**
-dontwarn org.jcodec.**
-keep class org.jaudiotagger.** { *; }
-keep class org.jcodec.** { *; }

-keepclassmembers enum * { *; }
-keepattributes *Annotation*, Signature, Exception
-keepnames class androidx.navigation.fragment.NavHostFragment
-keep class * extends androidx.fragment.app.Fragment{}
-keepnames class * extends android.os.Parcelable
-keepnames class * extends java.io.Serializable
-keep class com.caij.puremusic.network.model.** { *; }
-keep class com.caij.puremusic.model.** { *; }
-keep class com.caij.puremusic.db.model.** { *; }
-keep class com.caij.puremusic.drive.model.** { *; }
-keep class com.google.android.material.bottomsheet.** { *; }

-keep class com.thegrizzlylabs.sardineandroid.** { *; }

## umeng
-keep class com.umeng.** {*;}

-keep class org.repackage.** {*;}

-keepclassmembers class * {
   public <init> (org.json.JSONObject);
}

-keepclassmembers enum * {
    public static **[] values();
    public static ** valueOf(java.lang.String);
}

## bugly
-dontwarn com.tencent.bugly.**
-keep public class com.tencent.bugly.**{*;}

##xmlutil
-keep enum nl.adaptivity.xmlutil.EventType { *;}
-keep class javax.xml.namespace.**{*;}

# 默 状态栏歌词插件
-keep class StatusBarLyric.API.StatusBarLyric {*;}
-keep class cn.lyric.getter.api.tools.EventTools{*;}
# End of content from pure-music/app/proguard-rules.pro
# The proguard configuration file for the following section is aapt_proguard_file/chinaRelease/aapt_rules.txt
-keep class androidx.core.app.CoreComponentFactory { <init>(); }
-keep class androidx.core.content.FileProvider { <init>(); }
-keep class androidx.startup.InitializationProvider { <init>(); }
-keep class com.alipay.sdk.app.APayEntranceActivity { <init>(); }
-keep class com.alipay.sdk.app.AlipayResultActivity { <init>(); }
-keep class com.alipay.sdk.app.H5AuthActivity { <init>(); }
-keep class com.alipay.sdk.app.H5OpenAuthActivity { <init>(); }
-keep class com.alipay.sdk.app.H5PayActivity { <init>(); }
-keep class com.alipay.sdk.app.PayResultActivity { <init>(); }
-keep class com.android.billingclient.api.ProxyBillingActivity { <init>(); }
-keep class com.caij.lib.lifemanager.ProcessProvider { <init>(); }
-keep class com.caij.puremusic.App { <init>(); }
-keep class com.caij.puremusic.activities.DriveModeActivity { <init>(); }
-keep class com.caij.puremusic.activities.FolderFilesActivity { <init>(); }
-keep class com.caij.puremusic.activities.FolderManagerActivity { <init>(); }
-keep class com.caij.puremusic.activities.HolderActivity { <init>(); }
-keep class com.caij.puremusic.activities.LicenseActivity { <init>(); }
-keep class com.caij.puremusic.activities.LockScreenActivity { <init>(); }
-keep class com.caij.puremusic.activities.MainActivity { <init>(); }
-keep class com.caij.puremusic.activities.PermissionActivity { <init>(); }
-keep class com.caij.puremusic.activities.SettingActivity { <init>(); }
-keep class com.caij.puremusic.activities.ShareInstagramStory { <init>(); }
-keep class com.caij.puremusic.activities.SupportDevelopmentActivity { <init>(); }
-keep class com.caij.puremusic.activities.WebActivity { <init>(); }
-keep class com.caij.puremusic.activities.bugreport.BugReportActivity { <init>(); }
-keep class com.caij.puremusic.activities.saf.SAFGuideActivity { <init>(); }
-keep class com.caij.puremusic.activities.tageditor.AlbumTagEditorActivity { <init>(); }
-keep class com.caij.puremusic.activities.tageditor.AlbumTagEditorActivityV2 { <init>(); }
-keep class com.caij.puremusic.activities.tageditor.SongTagEditorActivity { <init>(); }
-keep class com.caij.puremusic.activities.tageditor.SongTagEditorActivityV2 { <init>(); }
-keep class com.caij.puremusic.appshortcuts.AppShortcutLauncherActivity { <init>(); }
-keep class com.caij.puremusic.appwidgets.AppWidgetBig { <init>(); }
-keep class com.caij.puremusic.appwidgets.AppWidgetCard { <init>(); }
-keep class com.caij.puremusic.appwidgets.AppWidgetClassic { <init>(); }
-keep class com.caij.puremusic.appwidgets.AppWidgetSmall { <init>(); }
-keep class com.caij.puremusic.appwidgets.AppWidgetText { <init>(); }
-keep class com.caij.puremusic.drive.adrive.Auth20Activity { <init>(); }
-keep class com.caij.puremusic.drive.dropbox.DropBoxAuthActivity { <init>(); }
-keep class com.caij.puremusic.drive.dropbox.DropBoxAuthActivity2 { <init>(); }
-keep class com.caij.puremusic.fragments.backup.RestoreActivity { <init>(); }
-keep class com.caij.puremusic.service.MusicService { <init>(); }
-keep class com.caij.puremusic.wxapi.WXPayEntryActivity { <init>(); }
-keep class com.caij.vip.DefaultFragmentActivity { <init>(); }
-keep class com.caij.vip.DonatedActivity { <init>(); }
-keep class com.github.dhaval2404.imagepicker.ImagePickerActivity { <init>(); }
-keep class com.github.dhaval2404.imagepicker.ImagePickerFileProvider { <init>(); }
-keep class com.google.android.datatransport.runtime.backends.TransportBackendDiscovery { <init>(); }
-keep class com.google.android.datatransport.runtime.scheduling.jobscheduling.AlarmManagerSchedulerBroadcastReceiver { <init>(); }
-keep class com.google.android.datatransport.runtime.scheduling.jobscheduling.JobInfoSchedulerService { <init>(); }
-keep class com.google.android.gms.auth.api.signin.RevocationBoundService { <init>(); }
-keep class com.google.android.gms.auth.api.signin.internal.SignInHubActivity { <init>(); }
-keep class com.google.android.gms.common.api.GoogleApiActivity { <init>(); }
-keep class com.yalantis.ucrop.UCropActivity { <init>(); }
-keep class android.widget.Space { <init>(android.content.Context, android.util.AttributeSet); }

-keep class androidx.appcompat.app.AlertController$RecycleListView { <init>(android.content.Context, android.util.AttributeSet); }

-keep class androidx.appcompat.view.menu.ActionMenuItemView { <init>(android.content.Context, android.util.AttributeSet); }

-keep class androidx.appcompat.view.menu.ExpandedMenuView { <init>(android.content.Context, android.util.AttributeSet); }

-keep class androidx.appcompat.view.menu.ListMenuItemView { <init>(android.content.Context, android.util.AttributeSet); }

-keep class androidx.appcompat.widget.ActionBarContainer { <init>(android.content.Context, android.util.AttributeSet); }

-keep class androidx.appcompat.widget.ActionBarContextView { <init>(android.content.Context, android.util.AttributeSet); }

-keep class androidx.appcompat.widget.ActionBarOverlayLayout { <init>(android.content.Context, android.util.AttributeSet); }

-keep class androidx.appcompat.widget.ActionMenuView { <init>(android.content.Context, android.util.AttributeSet); }

-keep class androidx.appcompat.widget.ActivityChooserView$InnerLayout { <init>(android.content.Context, android.util.AttributeSet); }

-keep class androidx.appcompat.widget.AlertDialogLayout { <init>(android.content.Context, android.util.AttributeSet); }

-keep class androidx.appcompat.widget.AppCompatCheckBox { <init>(android.content.Context, android.util.AttributeSet); }

-keep class androidx.appcompat.widget.AppCompatImageButton { <init>(android.content.Context, android.util.AttributeSet); }

-keep class androidx.appcompat.widget.AppCompatImageView { <init>(android.content.Context, android.util.AttributeSet); }

-keep class androidx.appcompat.widget.AppCompatRadioButton { <init>(android.content.Context, android.util.AttributeSet); }

-keep class androidx.appcompat.widget.AppCompatSeekBar { <init>(android.content.Context, android.util.AttributeSet); }

-keep class androidx.appcompat.widget.AppCompatTextView { <init>(android.content.Context, android.util.AttributeSet); }

-keep class androidx.appcompat.widget.ButtonBarLayout { <init>(android.content.Context, android.util.AttributeSet); }

-keep class androidx.appcompat.widget.ContentFrameLayout { <init>(android.content.Context, android.util.AttributeSet); }

-keep class androidx.appcompat.widget.DialogTitle { <init>(android.content.Context, android.util.AttributeSet); }

-keep class androidx.appcompat.widget.FitWindowsFrameLayout { <init>(android.content.Context, android.util.AttributeSet); }

-keep class androidx.appcompat.widget.FitWindowsLinearLayout { <init>(android.content.Context, android.util.AttributeSet); }

-keep class androidx.appcompat.widget.SearchView$SearchAutoComplete { <init>(android.content.Context, android.util.AttributeSet); }

-keep class androidx.appcompat.widget.SwitchCompat { <init>(android.content.Context, android.util.AttributeSet); }

-keep class androidx.appcompat.widget.Toolbar { <init>(android.content.Context, android.util.AttributeSet); }

-keep class androidx.appcompat.widget.ViewStubCompat { <init>(android.content.Context, android.util.AttributeSet); }

-keep class androidx.constraintlayout.helper.widget.Flow { <init>(android.content.Context, android.util.AttributeSet); }

-keep class androidx.constraintlayout.widget.Barrier { <init>(android.content.Context, android.util.AttributeSet); }

-keep class androidx.constraintlayout.widget.ConstraintLayout { <init>(android.content.Context, android.util.AttributeSet); }

-keep class androidx.constraintlayout.widget.Guideline { <init>(android.content.Context, android.util.AttributeSet); }

-keep class androidx.coordinatorlayout.widget.CoordinatorLayout { <init>(android.content.Context, android.util.AttributeSet); }

-keep class androidx.core.widget.NestedScrollView { <init>(android.content.Context, android.util.AttributeSet); }

-keep class androidx.fragment.app.FragmentContainerView { <init>(android.content.Context, android.util.AttributeSet); }

-keep class androidx.gridlayout.widget.GridLayout { <init>(android.content.Context, android.util.AttributeSet); }

-keep class androidx.legacy.widget.Space { <init>(android.content.Context, android.util.AttributeSet); }

-keep class androidx.mediarouter.app.MediaRouteActionProvider { <init>(android.content.Context); }

-keep class androidx.mediarouter.app.MediaRouteExpandCollapseButton { <init>(android.content.Context, android.util.AttributeSet); }

-keep class androidx.mediarouter.app.MediaRouteVolumeSlider { <init>(android.content.Context, android.util.AttributeSet); }

-keep class androidx.mediarouter.app.OverlayListView { <init>(android.content.Context, android.util.AttributeSet); }

-keep class androidx.navigation.fragment.NavHostFragment { <init>(); }

-keep class androidx.preference.PreferenceScreen { <init>(...); }

-keep class androidx.preference.UnPressableLinearLayout { <init>(android.content.Context, android.util.AttributeSet); }

-keep class androidx.preference.internal.PreferenceImageView { <init>(android.content.Context, android.util.AttributeSet); }

-keep class androidx.recyclerview.widget.RecyclerView { <init>(android.content.Context, android.util.AttributeSet); }

-keep class androidx.swiperefreshlayout.widget.SwipeRefreshLayout { <init>(android.content.Context, android.util.AttributeSet); }

-keep class androidx.viewpager.widget.ViewPager { <init>(android.content.Context, android.util.AttributeSet); }

-keep class code.name.monkey.appthemehelper.common.prefs.BorderCircleView { <init>(android.content.Context, android.util.AttributeSet); }

-keep class code.name.monkey.appthemehelper.common.prefs.supportv7.ATEColorPreference { <init>(...); }

-keep class code.name.monkey.appthemehelper.common.prefs.supportv7.ATEListPreference { <init>(...); }

-keep class code.name.monkey.appthemehelper.common.prefs.supportv7.ATEPreference { <init>(...); }

-keep class code.name.monkey.appthemehelper.common.prefs.supportv7.ATEPreferenceCategory { <init>(...); }

-keep class code.name.monkey.appthemehelper.common.prefs.supportv7.ATESeekBarPreference { <init>(...); }

-keep class code.name.monkey.appthemehelper.common.prefs.supportv7.ATESwitchPreference { <init>(...); }

-keep class code.name.monkey.appthemehelper.common.views.ATEAccentTextView { <init>(android.content.Context, android.util.AttributeSet); }

-keep class code.name.monkey.appthemehelper.common.views.ATESwitch { <init>(android.content.Context, android.util.AttributeSet); }

-keep class com.afollestad.materialdialogs.color.view.ColorCircleView { <init>(android.content.Context, android.util.AttributeSet); }

-keep class com.afollestad.materialdialogs.color.view.ObservableEditText { <init>(android.content.Context, android.util.AttributeSet); }

-keep class com.afollestad.materialdialogs.color.view.ObservableSeekBar { <init>(android.content.Context, android.util.AttributeSet); }

-keep class com.afollestad.materialdialogs.color.view.PreviewFrameView { <init>(android.content.Context, android.util.AttributeSet); }

-keep class com.afollestad.materialdialogs.color.view.SeekBarGroupLayout { <init>(android.content.Context, android.util.AttributeSet); }

-keep class com.afollestad.materialdialogs.color.view.WrapContentViewPager { <init>(android.content.Context, android.util.AttributeSet); }

-keep class com.afollestad.materialdialogs.internal.button.DialogActionButton { <init>(android.content.Context, android.util.AttributeSet); }

-keep class com.afollestad.materialdialogs.internal.button.DialogActionButtonLayout { <init>(android.content.Context, android.util.AttributeSet); }

-keep class com.afollestad.materialdialogs.internal.list.DialogRecyclerView { <init>(android.content.Context, android.util.AttributeSet); }

-keep class com.afollestad.materialdialogs.internal.main.DialogLayout { <init>(android.content.Context, android.util.AttributeSet); }

-keep class com.afollestad.materialdialogs.internal.main.DialogScrollView { <init>(android.content.Context, android.util.AttributeSet); }

-keep class com.afollestad.materialdialogs.internal.main.DialogTitleLayout { <init>(android.content.Context, android.util.AttributeSet); }

-keep class com.afollestad.materialdialogs.internal.message.DialogContentLayout { <init>(android.content.Context, android.util.AttributeSet); }