app/build/outputs/mapping/chinaRelease/seeds.txt
com.caij.puremusic.service.MusicService$handleChangeInternal$1
com.caij.puremusic.db.model.SongEntity
com.caij.puremusic.util.AlbumUtil$sortAlbumSongs$songs$2
com.caij.puremusic.drive.model.ADriveFileResponse$$serializer
com.caij.puremusic.preferences.NowPlayingScreenPreference
com.caij.puremusic.fragments.folder.manager.MusicFolderManagerFragment$onPartViewClick$1$1
com.caij.puremusic.db.model.ServerAudioFormat
com.caij.puremusic.db.model.ArtistQueries$searchArtistByName$1
com.caij.puremusic.db.model.ServerLyricsQueries
com.caij.puremusic.dialogs.AddToPlaylistDialog$special$$inlined$sharedViewModel$default$1
com.caij.puremusic.fragments.artists.AbsArtistDetailsFragment$onViewCreated$1
com.caij.puremusic.drive.model.EmbyFoldersResponse$$serializer
com.caij.puremusic.drive.model.PlaylistMetadata$Companion
com.caij.puremusic.db.model.ServerArtistCoverQueries$getById$2
com.caij.puremusic.db.model.SongQueries$GetAlbumSongCountQuery$execute$1
com.caij.puremusic.db.model.SongQueries$SongsDateLastDescQuery$execute$1
com.caij.puremusic.MainModuleKt$roomModule$1$1
com.caij.puremusic.db.model.SongQueries$SongsByAlbumIdTypeCountQuery
com.caij.puremusic.db.model.PlaylistEntityQueries$searchPlaylistByName$2
com.caij.puremusic.MainModuleKt$viewModules$1
com.caij.puremusic.drive.model.Auth2Token$Companion
com.caij.puremusic.fragments.albums.AlbumDetailsViewModel$getArtistByStrId$1
com.caij.puremusic.db.model.ServerSongCoverQueries$GetBySourceQuery$execute$1
com.caij.puremusic.network.model.LastFmAlbum$Album$Tags
com.caij.puremusic.appwidgets.AppWidgetText
com.caij.puremusic.fragments.backup.RestoreActivity$special$$inlined$viewModels$default$3
com.caij.puremusic.dialogs.RenamePlaylistDialog
com.caij.puremusic.db.model.SongEntityQueries$getSongEntity$2
com.caij.puremusic.drive.model.Metadata$$serializer
com.caij.puremusic.drive.util.Auth20Util$refreshTokenJsonRequest$1
com.caij.puremusic.activities.tageditor.SongTagEditorActivityV2$onCreate$1
com.caij.puremusic.db.model.PlaylistEntityQueries$insert$1
com.caij.puremusic.drive.model.PlexLoginResponse$$serializer
com.caij.puremusic.dialogs.BlacklistFolderChooserDialog$onCreateDialog$3
com.caij.puremusic.fragments.albums.AlbumDetailsViewModel$fetchAlbum$1
com.caij.puremusic.drive.model.JellyfinSongListResponse$$serializer
com.caij.puremusic.views.insets.InsetsRecyclerView
com.caij.puremusic.views.RetroShapeableImageView
com.caij.puremusic.db.model.SongEntityQueries$songsFromPlaylist$1
com.caij.puremusic.model.Playlist$Creator
com.caij.puremusic.model.Genre$Creator
com.caij.puremusic.dialogs.DeleteSongsDialog$onCreateDialog$4
com.caij.puremusic.fragments.folder.FoldersFragment$onFileMenuClicked$2$2$1
com.caij.puremusic.fragments.player.PlayerAlbumCoverFragment
com.caij.puremusic.helper.BackupContent
com.caij.puremusic.util.AlbumUtil$sortAlbumSongs$songs$3
com.caij.puremusic.db.model.AlbumQueries$GetAlbumByArtistIdQuery
com.caij.puremusic.fragments.folder.manager.MusicFolderUtil$showJellyfinEditDialog$1$1$1
com.caij.puremusic.drive.baidu.BaiduDriveEngine$getChildInner$1
com.caij.puremusic.fragments.folder.FoldersFragment$listPaths$2
com.caij.puremusic.drive.model.OneDriveItem$Companion
com.caij.puremusic.drive.model.Type$Companion
com.caij.puremusic.model.UpdateInfo
com.caij.puremusic.fragments.genres.GenreDetailsFragment$detailsViewModel$2
com.caij.puremusic.fragments.lyrics.ComnLyricsFragment$editFileLyrics$1$2
com.caij.puremusic.fragments.player.simple.SimplePlayerFragment
com.caij.puremusic.fragments.lyrics.ComnLyricsFragment$editFileLyrics$1$1
com.caij.puremusic.db.model.ArtistQueries$ArtistByIdQuery$execute$1
com.caij.puremusic.db.model.AlbumQueries$albums$1
com.caij.puremusic.fragments.lyrics.ComnLyricsFragment$editNormalLyrics$1$1$1
com.caij.puremusic.dialogs.CreatePlaylistDialog
com.caij.puremusic.fragments.artists.AbsArtistDetailsFragment$showArtistStep2$1$1
com.caij.puremusic.fragments.player.blur.BlurPlaybackControlsFragment$updateSong$1
...
com.umeng.analytics.pro.au: com.umeng.analytics.pro.bz j
nl.adaptivity.xmlutil.serialization.OutputKind: nl.adaptivity.xmlutil.serialization.OutputKind[] $VALUES
org.jaudiotagger.utils.FileTypeUtil: java.lang.Integer[] mp3v1Sig_2
org.jaudiotagger.tag.id3.ID3v23FieldKey: org.jaudiotagger.tag.id3.ID3v23FieldKey ENCODER
org.simpleframework.xml.stream.InputNodeMap: org.simpleframework.xml.stream.InputNode source
org.jaudiotagger.audio.asf.data.MetadataDescriptor: long DWORD_MAXVALUE
org.jaudiotagger.tag.reference.ISOCountry$Country: org.jaudiotagger.tag.reference.ISOCountry$Country MOLDOVA
org.xmlpull.v1.XmlPullParser: int END_TAG
com.tencent.mm.opensdk.openapi.BaseWXApiImplV10: java.lang.String appId
com.bumptech.glide.load.resource.bitmap.DownsampleStrategy$SampleSizeRounding: com.bumptech.glide.load.resource.bitmap.DownsampleStrategy$SampleSizeRounding QUALITY
com.umeng.analytics.pro.a$a: int b
org.repackage.com.vivo.identifier.IdentifierIdClient: org.repackage.com.vivo.identifier.IdentifierIdObserver r
org.jaudiotagger.tag.mp4.Mp4FieldKey: org.jaudiotagger.tag.mp4.Mp4FieldKey MUSICBRAINZ_WORK_PART_LEVEL4_ID
com.umeng.analytics.pro.j: java.lang.String ah
com.umeng.commonsdk.debug.UMLogCommon: java.lang.String SC_10016
com.caij.vip.GoodOrder: int state
org.simpleframework.xml.transform.DateType: org.simpleframework.xml.transform.DateType[] $VALUES
org.jaudiotagger.tag.mp4.Mp4FieldKey: org.jaudiotagger.tag.mp4.Mp4FieldKey KEY_OLD
com.tencent.mm.opensdk.constants.Build: int EMOJI_SUPPORTED_SDK_INT
org.jaudiotagger.tag.id3.ID3v22Frames: java.lang.String FRAME_ID_V2_SET
com.umeng.commonsdk.internal.utils.b: long f
com.thegrizzlylabs.sardineandroid.DavResource: java.lang.String SEPARATOR
com.umeng.commonsdk.statistics.common.DeviceConfig: java.lang.String sAppPkgName
com.umeng.analytics.pro.e$b$b: java.lang.String f
nl.adaptivity.xmlutil.serialization.InputKind: nl.adaptivity.xmlutil.serialization.InputKind Element
com.google.android.material.bottomsheet.BottomSheetBehavior: int SAVE_HIDEABLE
org.jaudiotagger.tag.images.StandardArtwork: java.lang.String imageUrl
com.umeng.analytics.pro.bo$b: byte b
com.umeng.commonsdk.statistics.UMServerURL: java.lang.String SILENT_HEART_BEAT
org.jaudiotagger.tag.lyrics3.Lyrics3v2Fields: java.lang.String FIELD_V2_ADDITIONAL_MULTI_LINE_TEXT
org.jaudiotagger.tag.asf.AsfFieldKey: org.jaudiotagger.tag.asf.AsfFieldKey MUSICBRAINZ_WORKID
org.repackage.com.zui.opendeviceidlibrary.BuildConfig: java.lang.String c
com.google.android.material.bottomsheet.BottomSheetBehavior: boolean gestureInsetBottomIgnored
org.jaudiotagger.tag.id3.ID3v24Frames: java.lang.String FRAME_ID_FILE_OWNER
com.tencent.mm.opensdk.modelmsg.WXGameVideoFileObject: java.lang.String filePath
com.google.common.collect.MapMakerInternalMap$Strength: com.google.common.collect.MapMakerInternalMap$Strength STRONG
io.ktor.websocket.CloseReason$Codes: io.ktor.websocket.CloseReason$Codes CLOSED_ABNORMALLY
org.jaudiotagger.tag.vorbiscomment.VorbisCommentFieldKey: org.jaudiotagger.tag.vorbiscomment.VorbisCommentFieldKey GROUPING
org.jaudiotagger.tag.mp4.Mp4FieldKey: org.jaudiotagger.tag.mp4.Mp4FieldKey MUSICBRAINZ_WORK_PART_LEVEL3_TYPE
com.umeng.commonsdk.statistics.internal.StatTracer: java.lang.String KEY_CLIENT_REQUEST_LATENCY
org.simpleframework.xml.DefaultType: org.simpleframework.xml.DefaultType[] $VALUES
com.umeng.analytics.process.a: java.lang.String h
com.tencent.bugly.crashreport.biz.UserInfoBean: java.util.Map s
org.jaudiotagger.audio.asf.io.CountingOutputstream: java.io.OutputStream wrapped
org.jaudiotagger.tag.datatype.PartOfSet$PartOfSetValue: java.lang.Integer count
com.tencent.bugly.proguard.aa: java.lang.String g
com.google.android.gms.internal.play_billing.zzew: com.google.android.gms.internal.play_billing.zzew zzo
org.jaudiotagger.tag.id3.framebody.FrameBodyCOMM: java.lang.String DEFAULT
org.jaudiotagger.tag.reference.ISOScript$Script: org.jaudiotagger.tag.reference.ISOScript$Script SAMARITAN